<?xml version="1.0" encoding="UTF-8"?>
<testsuites>
  <testsuite name="" tests="9" assertions="9" errors="0" warnings="0" failures="0" skipped="0" time="0.080413">
    <testsuite name="Questions" tests="9" assertions="9" errors="0" warnings="0" failures="0" skipped="0" time="0.080413">
      <testsuite name="Tests\Station02\QuestionTest" file="/app/tests/Station02/QuestionTest.php" tests="9" assertions="9" errors="0" warnings="0" failures="0" skipped="0" time="0.080413">
        <testsuite name="Tests\Station02\QuestionTest::引数に応じた文字列を返す" tests="9" assertions="9" errors="0" warnings="0" failures="0" skipped="0" time="0.080413">
          <testcase name="引数に応じた文字列を返す with data set #0" class="Tests\Station02\QuestionTest" classname="Tests.Station02.QuestionTest" file="/app/tests/Station02/QuestionTest.php" line="24" assertions="1" time="0.080198"/>
          <testcase name="引数に応じた文字列を返す with data set #1" class="Tests\Station02\QuestionTest" classname="Tests.Station02.QuestionTest" file="/app/tests/Station02/QuestionTest.php" line="24" assertions="1" time="0.000031"/>
          <testcase name="引数に応じた文字列を返す with data set #2" class="Tests\Station02\QuestionTest" classname="Tests.Station02.QuestionTest" file="/app/tests/Station02/QuestionTest.php" line="24" assertions="1" time="0.000022"/>
          <testcase name="引数に応じた文字列を返す with data set #3" class="Tests\Station02\QuestionTest" classname="Tests.Station02.QuestionTest" file="/app/tests/Station02/QuestionTest.php" line="24" assertions="1" time="0.000020"/>
          <testcase name="引数に応じた文字列を返す with data set #4" class="Tests\Station02\QuestionTest" classname="Tests.Station02.QuestionTest" file="/app/tests/Station02/QuestionTest.php" line="24" assertions="1" time="0.000059"/>
          <testcase name="引数に応じた文字列を返す with data set #5" class="Tests\Station02\QuestionTest" classname="Tests.Station02.QuestionTest" file="/app/tests/Station02/QuestionTest.php" line="24" assertions="1" time="0.000021"/>
          <testcase name="引数に応じた文字列を返す with data set #6" class="Tests\Station02\QuestionTest" classname="Tests.Station02.QuestionTest" file="/app/tests/Station02/QuestionTest.php" line="24" assertions="1" time="0.000022"/>
          <testcase name="引数に応じた文字列を返す with data set #7" class="Tests\Station02\QuestionTest" classname="Tests.Station02.QuestionTest" file="/app/tests/Station02/QuestionTest.php" line="24" assertions="1" time="0.000019"/>
          <testcase name="引数に応じた文字列を返す with data set #8" class="Tests\Station02\QuestionTest" classname="Tests.Station02.QuestionTest" file="/app/tests/Station02/QuestionTest.php" line="24" assertions="1" time="0.000021"/>
        </testsuite>
      </testsuite>
    </testsuite>
  </testsuite>
</testsuites>
