<?xml version="1.0" encoding="UTF-8"?>
<testsuites>
  <testsuite name="/app/tests/Station18" tests="4" assertions="3" errors="1" warnings="0" failures="0" skipped="0" time="0.633055">
    <testsuite name="Tests\Station18\Question\QuestionTest" file="/app/tests/Station18/Question/QuestionTest.php" tests="4" assertions="3" errors="1" warnings="0" failures="0" skipped="0" time="0.633055">
      <testcase name="getArray関数内の配列の宣言がshortである" class="Tests\Station18\Question\QuestionTest" classname="Tests.Station18.Question.QuestionTest" file="/app/tests/Station18/Question/QuestionTest.php" line="21" assertions="1" time="0.572292"/>
      <testcase name="関数の順序が正しくならんでいる" class="Tests\Station18\Question\QuestionTest" classname="Tests.Station18.Question.QuestionTest" file="/app/tests/Station18/Question/QuestionTest.php" line="31" assertions="1" time="0.022092"/>
      <testcase name="elseが使用されていないこと" class="Tests\Station18\Question\QuestionTest" classname="Tests.Station18.Question.QuestionTest" file="/app/tests/Station18/Question/QuestionTest.php" line="45" assertions="1" time="0.015372"/>
      <testcase name="php_cs_fixerの結果確認" class="Tests\Station18\Question\QuestionTest" classname="Tests.Station18.Question.QuestionTest" file="/app/tests/Station18/Question/QuestionTest.php" line="55" assertions="0" time="0.023300">
        <error type="PHPUnit\Framework\Error\Warning">Tests\Station18\Question\QuestionTest::php_cs_fixerの結果確認
Undefined array key 1

/app/tests/Station18/Question/QuestionTest.php:60</error>
      </testcase>
    </testsuite>
  </testsuite>
</testsuites>
